TN:
SF:/media/shailesh/Home/projects/atom/components/t-footer/t-footer.html
FN:208,(anonymous_1)
FN:214,(anonymous_2)
FN:218,(anonymous_3)
FN:231,(anonymous_4)
FN:235,(anonymous_5)
FN:239,(anonymous_6)
FN:247,(anonymous_7)
FN:255,(anonymous_8)
FN:262,(anonymous_9)
FN:266,(anonymous_10)
FN:271,(anonymous_11)
FN:279,(anonymous_12)
FNF:12
FNH:12
FNDA:105,(anonymous_1)
FNDA:106,(anonymous_2)
FNDA:530,(anonymous_3)
FNDA:106,(anonymous_4)
FNDA:152,(anonymous_5)
FNDA:157,(anonymous_6)
FNDA:422,(anonymous_7)
FNDA:210,(anonymous_8)
FNDA:1815,(anonymous_9)
FNDA:90,(anonymous_10)
FNDA:1,(anonymous_11)
FNDA:422,(anonymous_12)
DA:141,1
DA:209,105
DA:210,105
DA:211,0
DA:215,106
DA:219,530
DA:220,530
DA:221,530
DA:222,525
DA:223,5
DA:224,0
DA:225,5
DA:226,5
DA:228,0
DA:232,106
DA:236,152
DA:240,157
DA:241,157
DA:242,157
DA:244,0
DA:248,422
DA:249,422
DA:250,152
DA:251,152
DA:256,210
DA:257,120
DA:259,90
DA:263,1815
DA:267,90
DA:272,1
DA:273,1
DA:280,422
DA:281,422
LF:33
LH:29
BRDA:210,1,0,0
BRDA:210,1,1,105
BRDA:210,2,0,105
BRDA:210,2,1,105
BRDA:215,3,0,106
BRDA:215,3,1,106
BRDA:221,4,0,525
BRDA:221,4,1,5
BRDA:223,5,0,0
BRDA:223,5,1,5
BRDA:225,6,0,5
BRDA:225,6,1,0
BRDA:225,7,0,5
BRDA:225,7,1,5
BRDA:232,8,0,105
BRDA:232,8,1,1
BRDA:236,9,0,152
BRDA:236,9,1,152
BRDA:240,10,0,157
BRDA:240,10,1,0
BRDA:242,11,0,157
BRDA:242,11,1,157
BRDA:242,11,2,120
BRDA:242,11,3,120
BRDA:249,12,0,152
BRDA:249,12,1,270
BRDA:251,13,0,152
BRDA:251,13,1,152
BRDA:256,14,0,120
BRDA:256,14,1,90
BRDA:256,15,0,210
BRDA:256,15,1,210
BRDA:256,15,2,135
BRDA:263,16,0,1815
BRDA:263,16,1,375
BRDA:263,16,2,270
BRDA:281,17,0,422
BRDA:281,17,1,182
BRDA:281,18,0,422
BRDA:281,18,1,182
BRF:40
BRH:36
end_of_record
