TN:
SF:/media/shailesh/Home/projects/atom/components/t-footer/t-footer.html
FN:210,(anonymous_1)
FN:216,(anonymous_2)
FN:220,(anonymous_3)
FN:233,(anonymous_4)
FN:237,(anonymous_5)
FN:241,(anonymous_6)
FN:249,(anonymous_7)
FN:257,(anonymous_8)
FN:264,(anonymous_9)
FN:268,(anonymous_10)
FN:273,(anonymous_11)
FN:281,(anonymous_12)
FN:286,(anonymous_13)
FNF:13
FNH:13
FNDA:112,(anonymous_1)
FNDA:113,(anonymous_2)
FNDA:565,(anonymous_3)
FNDA:113,(anonymous_4)
FNDA:162,(anonymous_5)
FNDA:167,(anonymous_6)
FNDA:450,(anonymous_7)
FNDA:224,(anonymous_8)
FNDA:1935,(anonymous_9)
FNDA:96,(anonymous_10)
FNDA:1,(anonymous_11)
FNDA:450,(anonymous_12)
FNDA:1,(anonymous_13)
DA:141,1
DA:211,112
DA:212,112
DA:213,0
DA:217,113
DA:221,565
DA:222,565
DA:223,565
DA:224,560
DA:225,5
DA:226,0
DA:227,5
DA:228,5
DA:230,0
DA:234,113
DA:238,162
DA:242,167
DA:243,167
DA:244,167
DA:246,0
DA:250,450
DA:251,450
DA:252,162
DA:253,162
DA:258,224
DA:259,128
DA:261,96
DA:265,1935
DA:269,96
DA:274,1
DA:275,1
DA:282,450
DA:283,450
DA:287,1
LF:34
LH:30
BRDA:212,1,0,0
BRDA:212,1,1,112
BRDA:212,2,0,112
BRDA:212,2,1,112
BRDA:217,3,0,113
BRDA:217,3,1,113
BRDA:223,4,0,560
BRDA:223,4,1,5
BRDA:225,5,0,0
BRDA:225,5,1,5
BRDA:227,6,0,5
BRDA:227,6,1,0
BRDA:227,7,0,5
BRDA:227,7,1,5
BRDA:234,8,0,112
BRDA:234,8,1,1
BRDA:238,9,0,162
BRDA:238,9,1,162
BRDA:242,10,0,167
BRDA:242,10,1,0
BRDA:244,11,0,167
BRDA:244,11,1,167
BRDA:244,11,2,128
BRDA:244,11,3,128
BRDA:251,12,0,162
BRDA:251,12,1,288
BRDA:253,13,0,162
BRDA:253,13,1,162
BRDA:258,14,0,128
BRDA:258,14,1,96
BRDA:258,15,0,224
BRDA:258,15,1,224
BRDA:258,15,2,144
BRDA:265,16,0,1935
BRDA:265,16,1,399
BRDA:265,16,2,287
BRDA:283,17,0,450
BRDA:283,17,1,194
BRDA:283,18,0,450
BRDA:283,18,1,194
BRF:40
BRH:36
end_of_record
